<?xml version="1.0" encoding="UTF-8"?>
<!-- Generated by org.testng.reporters.JUnitReportReporter -->
<testsuite hostname="LM0002795" failures="0" tests="2" name="JavaStreams" time="0.003" errors="0" timestamp="2025-02-19T17:46:02 IST" skipped="0">
  <testcase classname="JavaStreams" name="streamCollect" time="0.002"/>
  <testcase classname="JavaStreams" name="stream" time="0.001"/>
</testsuite> <!-- JavaStreams -->
