<?xml version="1.0" encoding="UTF-8"?>
<!-- Generated by org.testng.reporters.JUnitReportReporter -->
<testsuite hostname="LM0002795" failures="0" tests="1" name="StreamsFilter" time="9.997" errors="0" timestamp="2025-02-19T13:58:45 IST" skipped="0">
  <testcase classname="StreamsFilter" name="filterStreams" time="9.997"/>
</testsuite> <!-- StreamsFilter -->
