<?xml version="1.0" encoding="UTF-8"?>
<!-- Generated by org.testng.reporters.JUnitReportReporter -->
<testsuite hostname="LM0002795" failures="0" tests="1" name="Selenium411" time="9.569" errors="0" timestamp="2025-02-19T17:46:02 IST" skipped="0">
  <testcase classname="Selenium411" name="selenium411_Advanteges" time="9.569"/>
</testsuite> <!-- Selenium411 -->
