<?xml version="1.0" encoding="UTF-8"?>
<!-- Generated by org.testng.reporters.JUnitReportReporter -->
<testsuite hostname="LM0002795" failures="0" tests="1" name="StreamsSortingDemo" time="17.633" errors="0" timestamp="2025-05-02T16:32:54 IST" skipped="0">
  <testcase classname="StreamsSortingDemo" name="streamSortingDemo" time="17.633"/>
</testsuite> <!-- StreamsSortingDemo -->
