<?xml version="1.0" encoding="UTF-8"?>
<!-- Generated by org.testng.reporters.JUnitReportReporter -->
<testsuite hostname="LM0002795" failures="0" tests="1" name="StreamsDemo" time="8.619" errors="0" timestamp="2025-02-18T17:15:56 IST" skipped="0">
  <testcase classname="StreamsDemo" name="streamDemo" time="8.619"/>
</testsuite> <!-- StreamsDemo -->
